Build started 11/3/2016 12:34:34 PM.
     1>Project "C:\Users\D\documents\visual studio 2010\Projects\blair_basictracer\blair_basictracer\blair_basictracer.vcxproj" on node 2 (build target(s)).
     1>InitializeBuildStatus:
         Creating "Debug\blair_basictracer.unsuccessfulbuild" because "AlwaysCreate" was specified.
       ClCompile:
         C:\Program Files (x86)\Microsoft Visual Studio 10.0\VC\bin\CL.exe /c /ZI /nologo /W3 /WX- /Od /Oy- /D _MBCS /Gm /EHsc /RTC1 /MDd /GS /fp:precise /Zc:wchar_t /Zc:forScope /Fo"Debug\\" /Fd"Debug\vc100.pdb" /Gd /TP /analyze- /errorReport:prompt main.cpp
         main.cpp
     1>c:\users\d\documents\visual studio 2010\projects\blair_basictracer\blair_basictracer\main.cpp(71): error C2612: trailing 'type' illegal in base/member initializer list
     1>c:\users\d\documents\visual studio 2010\projects\blair_basictracer\blair_basictracer\main.cpp(72): error C2270: 'intersect' : modifiers not allowed on nonmember functions
     1>c:\users\d\documents\visual studio 2010\projects\blair_basictracer\blair_basictracer\main.cpp(72): error C2601: 'intersect' : local function definitions are illegal
     1>c:\users\d\documents\visual studio 2010\projects\blair_basictracer\blair_basictracer\main.cpp(86): error C2065: 'This' : undeclared identifier
     1>c:\users\d\documents\visual studio 2010\projects\blair_basictracer\blair_basictracer\main.cpp(86): error C2146: syntax error : missing ';' before identifier 'variable'
     1>c:\users\d\documents\visual studio 2010\projects\blair_basictracer\blair_basictracer\main.cpp(86): error C2065: 'variable' : undeclared identifier
     1>c:\users\d\documents\visual studio 2010\projects\blair_basictracer\blair_basictracer\main.cpp(86): error C2146: syntax error : missing ';' before identifier 'controls'
     1>c:\users\d\documents\visual studio 2010\projects\blair_basictracer\blair_basictracer\main.cpp(86): error C2065: 'controls' : undeclared identifier
     1>c:\users\d\documents\visual studio 2010\projects\blair_basictracer\blair_basictracer\main.cpp(86): error C2146: syntax error : missing ';' before identifier 'the'
     1>c:\users\d\documents\visual studio 2010\projects\blair_basictracer\blair_basictracer\main.cpp(86): error C2065: 'the' : undeclared identifier
     1>c:\users\d\documents\visual studio 2010\projects\blair_basictracer\blair_basictracer\main.cpp(86): error C2146: syntax error : missing ';' before identifier 'maximum'
     1>c:\users\d\documents\visual studio 2010\projects\blair_basictracer\blair_basictracer\main.cpp(86): error C2065: 'maximum' : undeclared identifier
     1>c:\users\d\documents\visual studio 2010\projects\blair_basictracer\blair_basictracer\main.cpp(86): error C2146: syntax error : missing ';' before identifier 'recursion'
     1>c:\users\d\documents\visual studio 2010\projects\blair_basictracer\blair_basictracer\main.cpp(90): error C2065: 'recursion' : undeclared identifier
     1>c:\users\d\documents\visual studio 2010\projects\blair_basictracer\blair_basictracer\main.cpp(90): error C2146: syntax error : missing ';' before identifier 'depth'
     1>c:\users\d\documents\visual studio 2010\projects\blair_basictracer\blair_basictracer\main.cpp(90): error C2065: 'depth' : undeclared identifier
     1>c:\users\d\documents\visual studio 2010\projects\blair_basictracer\blair_basictracer\main.cpp(90): error C2144: syntax error : 'float' should be preceded by ';'
     1>c:\users\d\documents\visual studio 2010\projects\blair_basictracer\blair_basictracer\main.cpp(91): error C2601: 'mix' : local function definitions are illegal
     1>c:\users\d\documents\visual studio 2010\projects\blair_basictracer\blair_basictracer\main.cpp(101): error C2601: 'trace' : local function definitions are illegal
     1>c:\users\d\documents\visual studio 2010\projects\blair_basictracer\blair_basictracer\main.cpp(181): error C2601: 'render' : local function definitions are illegal
     1>c:\users\d\documents\visual studio 2010\projects\blair_basictracer\blair_basictracer\main.cpp(211): error C2601: 'main' : local function definitions are illegal
     1>c:\users\d\documents\visual studio 2010\projects\blair_basictracer\blair_basictracer\main.cpp(226): fatal error C1004: unexpected end-of-file found
     1>Done Building Project "C:\Users\D\documents\visual studio 2010\Projects\blair_basictracer\blair_basictracer\blair_basictracer.vcxproj" (build target(s)) -- FAILED.

Build FAILED.

Time Elapsed 00:00:02.02
